

⚡ [Read]



⚡ [Read]



⚡ [Read]

I've reviewed the status files. The next task is **T3.2: Workflow Runs + Proof Ledger** - focused on full auditability by adding a workflow runs model to record every job execution with context hashes.

Let me first read the existing codebase to understand the current architecture.


⚡ [TodoWrite]



⚡ [Read]



⚡ [Read]



⚡ [Read]

Let me also read the orchestrator processor and core package to understand the architecture better.


⚡ [Glob]



⚡ [Read]



⚡ [Glob]



⚡ [Read]



⚡ [Read]



⚡ [Glob]



⚡ [Read]



⚡ [Read]



⚡ [Read]

Now I have a good understanding of the architecture. Let me also check existing tests to understand the testing patterns.


⚡ [Glob]



⚡ [Read]

Now I have a clear picture. Let me start implementing T3.2. I'll:

1. Add the `WorkflowRun` model to Prisma
2. Create a context hash utility
3. Create a run recorder service
4. Integrate it into the processors
5. Write tests


⚡ [TodoWrite]



⚡ [Edit]

Now I need to add the relation to the Workflow model:


⚡ [Edit]

Now let me create the context hash utility and run recorder in the core package:


⚡ [TodoWrite]



⚡ [Bash]



⚡ [Write]

Now let me create the run recorder service:


⚡ [Write]

Now let me create an index file for the audit module and update the core package exports:


⚡ [Write]



⚡ [Edit]

Now let me update the processors to record runs. First, let me update the todos and then integrate the run recorder:


⚡ [TodoWrite]



⚡ [Edit]



⚡ [Edit]

Now let me update the apply-patches processor:


⚡ [Edit]



⚡ [Edit]

Now let me also update the orchestrate processor to record runs:


⚡ [Read]



⚡ [Edit]

Now I need to update the orchestrator service to return the result so we can capture it:


⚡ [Read]



⚡ [Edit]

Now let me write the unit tests for context hash stability:


⚡ [TodoWrite]



⚡ [Write]
